<?xml version="1.0" encoding="UTF-8"?>
<testsuite xmlns:xsi="http://www.w3.org/2001/XMLSchema-instance" xsi:noNamespaceSchemaLocation="https://maven.apache.org/surefire/maven-surefire-plugin/xsd/surefire-test-report-3.0.xsd" version="3.0" name="com.example.handson3.Handson3ApplicationTests" time="1.497" tests="1" errors="0" skipped="0" failures="0">
  <properties>
[...]
</properties>
  <testcase name="contextLoads" classname="com.example.handson3.Handson3ApplicationTests" time="0.493">
    <system-out><![CDATA[20:32:37.597 [main] INFO org.springframework.test.context.support.AnnotationConfigContextLoaderUtils -- Could not detect default configuration classes for test class [com.example.handson3.Handson3ApplicationTests]: Handson3ApplicationTests does not declare any static, non-private, non-final, nested classes annotated with @Configuration.
20:32:37.650 [main] INFO org.springframework.boot.test.context.SpringBootTestContextBootstrapper -- Found @SpringBootConfiguration com.example.handson3.Handson3Application for test class com.example.handson3.Handson3ApplicationTests

  .   ____          _            __ _ _
 /\\ / ___'_ __ _ _(_)_ __  __ _ \ \ \ \
( ( )\___ | '_ | '_| | '_ \/ _` | \ \ \ \
 \\/  ___)| |_)| | | | | || (_| |  ) ) ) )
  '  |____| .__|_| |_|_| |_\__, | / / / /
 =========|_|==============|___/=/_/_/_/
 :: Spring Boot ::                (v3.2.2)

2024-01-24T20:32:37.861+05:30  INFO 87277 --- [           main] c.e.handson3.Handson3ApplicationTests    : Starting Handson3ApplicationTests using Java 17.0.9 with PID 87277 (started by prithvirajb in /Users/prithvirajb/Downloads/handson3)
2024-01-24T20:32:37.862+05:30  INFO 87277 --- [           main] c.e.handson3.Handson3ApplicationTests    : No active profile set, falling back to 1 default profile: "default"
2024-01-24T20:32:38.489+05:30  INFO 87277 --- [           main] c.e.handson3.Handson3ApplicationTests    : Started Handson3ApplicationTests in 0.768 seconds (process running for 1.266)
]]></system-out>
  </testcase>
</testsuite>